You are using pip version 9.0.3, however version 19.3.1 is available.
You should consider upgrading via the 'python -m pip install --upgrade pip' command.
-py2.py3-none-any.whl
Collecting readme-renderer>=21.0 (from twine~=1.10)
  Downloading https://files.pythonhosted.org/packages/c3/7e/d1aae793900f36b097cbfcc5e70eef82b5b56423a6c52a36dce51fedd8f0/readme_renderer-24.0-py2.py3-none-any.whl
Collecting tqdm>=4.14 (from twine~=1.10)
  Downloading https://files.pythonhosted.org/packages/b9/08/8505f192efc72bfafec79655e1d8351d219e2b80b0dec4ae71f50934c17a/tqdm-4.38.0-py2.py3-none-any.whl (53kB)
Requirement already satisfied: setuptools>=0.7.0 in c:\users\vishnu vardhan\appdata\local\programs\python\python37\lib\site-packages (from twine~=1.10)
Collecting pkginfo>=1.4.2 (from twine~=1.10)
  Downloading https://files.pythonhosted.org/packages/e6/d5/451b913307b478c49eb29084916639dc53a88489b993530fed0a66bab8b9/pkginfo-1.5.0.1-py2.py3-none-any.whl
Collecting requests!=2.15,!=2.16,>=2.5.0 (from twine~=1.10)
  Downloading https://files.pythonhosted.org/packages/51/bd/23c926cd341ea6b7dd0b2a00aba99ae0f828be89d72b2190f27c11d4b7fb/requests-2.22.0-py2.py3-none-any.whl (57kB)
Collecting requests-toolbelt!=0.9.0,>=0.8.0 (from twine~=1.10)
  Downloading https://files.pythonhosted.org/packages/60/ef/7681134338fc097acef8d9b2f8abe0458e4d87559c689a8c306d0957ece5/requests_toolbelt-0.9.1-py2.py3-none-any.whl (54kB)
Collecting docutils>=0.13.1 (from readme-renderer>=21.0->twine~=1.10)
  Downloading https://files.pythonhosted.org/packages/22/cd/a6aa959dca619918ccb55023b4cb151949c64d4d5d55b3f4ffd7eee0c6e8/docutils-0.15.2-py3-none-any.whl (547kB)
Collecting bleach>=2.1.0 (from readme-renderer>=21.0->twine~=1.10)
  Downloading https://files.pythonhosted.org/packages/ab/05/27e1466475e816d3001efb6e0a85a819be17411420494a1e602c36f8299d/bleach-3.1.0-py2.py3-none-any.whl (157kB)
Collecting Pygments (from readme-renderer>=21.0->twine~=1.10)
  Downloading https://files.pythonhosted.org/packages/5c/73/1dfa428150e3ccb0fa3e68db406e5be48698f2a979ccbcec795f28f44048/Pygments-2.4.2-py2.py3-none-any.whl (883kB)
Collecting six (from readme-renderer>=21.0->twine~=1.10)
  Downloading https://files.pythonhosted.org/packages/65/26/32b8464df2a97e6dd1b656ed26b2c194606c16fe163c695a992b36c11cdf/six-1.13.0-py2.py3-none-any.whl
Collecting certifi>=2017.4.17 (from requests!=2.15,!=2.16,>=2.5.0->twine~=1.10)
  Downloading https://files.pythonhosted.org/packages/18/b0/8146a4f8dd402f60744fa380bc73ca47303cccf8b9190fd16a827281eac2/certifi-2019.9.11-py2.py3-none-any.whl (154kB)
Collecting urllib3!=1.25.0,!=1.25.1,<1.26,>=1.21.1 (from requests!=2.15,!=2.16,>=2.5.0->twine~=1.10)
  Downloading https://files.pythonhosted.org/packages/b4/40/a9837291310ee1ccc242ceb6ebfd9eb21539649f193a7c8c86ba15b98539/urllib3-1.25.7-py2.py3-none-any.whl (125kB)
Collecting idna<2.9,>=2.5 (from requests!=2.15,!=2.16,>=2.5.0->twine~=1.10)
  Downloading https://files.pythonhosted.org/packages/14/2c/cd551d81dbe15200be1cf41cd03869a46fe7226e7450af7a6545bfc474c9/idna-2.8-py2.py3-none-any.whl (58kB)
Collecting chardet<3.1.0,>=3.0.2 (from requests!=2.15,!=2.16,>=2.5.0->twine~=1.10)
  Downloading https://files.pythonhosted.org/packages/bc/a9/01ffebfb562e4274b6487b4bb1ddec7ca55ec7510b22e4c51f14098443b8/chardet-3.0.4-py2.py3-none-any.whl (133kB)
Collecting webencodings (from bleach>=2.1.0->readme-renderer>=21.0->twine~=1.10)
  Downloading https://files.pythonhosted.org/packages/f4/24/2a3e3df732393fed8b3ebf2ec078f05546de641fe1b667ee316ec1dcf3b7/webencodings-0.5.1-py2.py3-none-any.whl
Installing collected packages: docutils, six, webencodings, bleach, Pygments, readme-renderer, tqdm, pkginfo, certifi, urllib3, idna, chardet, requests, requests-toolbelt, twine
Successfully installed Pygments-2.4.2 bleach-3.1.0 certifi-2019.9.11 chardet-3.0.4 docutils-0.15.2 idna-2.8 pkginfo-1.5.0.1 readme-renderer-24.0 requests-2.22.0 requests-toolbelt-0.9.1 six-1.13.0 tqdm-4.38.0 twine-1.15.0 urllib3-1.25.7 webencodings-0.5.1
